<?xml version="1.0" encoding="UTF-8"?>
<!-- Generated by org.testng.reporters.JUnitReportReporter -->
<testsuite hostname="LAPTOP-PATGFM90" name="facebooktest.Testcase" tests="1" failures="0" timestamp="2 Mar 2020 10:55:11 GMT" time="10.506" errors="0">
  <testcase name="testCase" time="10.506" classname="facebooktest.Testcase"/>
</testsuite> <!-- facebooktest.Testcase -->
