<?xml version="1.0" encoding="UTF-8"?>
<!-- Generated by org.testng.reporters.JUnitReportReporter -->
<testsuite hostname="LAPTOP-PATGFM90" name="comfacebookpages.TestNG" tests="2" failures="0" timestamp="24 Feb 2020 18:06:57 GMT" time="39.986" errors="0">
  <testcase name="openBrowser" time="20.715" classname="comfacebookpages.TestNG"/>
  <testcase name="beforeMethod" time="19.271" classname="comfacebookpages.TestNG"/>
</testsuite> <!-- comfacebookpages.TestNG -->
